<?xml version="1.0" encoding="UTF-8"?>
<!-- Generated by org.testng.reporters.JUnitReportReporter -->
<testsuite hostname="DESKTOP-Q73IH09" failures="0" tests="2" name="qaclickacademy.RESTAPITest" time="0.001" errors="0" timestamp="2019-10-31T11:46:47 CET" skipped="0">
  <testcase classname="qaclickacademy.RESTAPITest" name="postJira" time="0.000"/>
  <testcase classname="qaclickacademy.RESTAPITest" name="deleteTwitter" time="0.001"/>
</testsuite> <!-- qaclickacademy.RESTAPITest -->
