<?xml version="1.0" encoding="UTF-8"?>
<!-- Generated by org.testng.reporters.JUnitReportReporter -->
<testsuite hostname="DESKTOP-Q73IH09" failures="0" tests="2" name="qaclickacademy.AppiumTest" time="0.026" errors="0" timestamp="2019-10-31T11:47:13 CET" skipped="0">
  <testcase classname="qaclickacademy.AppiumTest" name="NativeAppAndorid" time="0.000"/>
  <testcase classname="qaclickacademy.AppiumTest" name="IOSApps" time="0.026"/>
</testsuite> <!-- qaclickacademy.AppiumTest -->
